[INFO] Scanning for projects...
[WARNING] The POM for org.eclipse.m2e:lifecycle-mapping:jar:1.0.0 is missing, no dependency information available
[WARNING] Failed to retrieve plugin descriptor for org.eclipse.m2e:lifecycle-mapping:1.0.0: Plugin org.eclipse.m2e:lifecycle-mapping:1.0.0 or one of its dependencies could not be resolved: Failed to read artifact descriptor for org.eclipse.m2e:lifecycle-mapping:jar:1.0.0
[INFO]                                                                         
[INFO] ------------------------------------------------------------------------
[INFO] Building org.meri.jpa.tutorial 0.0.1-SNAPSHOT
[INFO] ------------------------------------------------------------------------
[WARNING] The POM for org.eclipse.m2e:lifecycle-mapping:jar:1.0.0 is missing, no dependency information available
[WARNING] Failed to retrieve plugin descriptor for org.eclipse.m2e:lifecycle-mapping:1.0.0: Plugin org.eclipse.m2e:lifecycle-mapping:1.0.0 or one of its dependencies could not be resolved: Failed to read artifact descriptor for org.eclipse.m2e:lifecycle-mapping:jar:1.0.0
[INFO] 
[INFO] --- maven-clean-plugin:2.4.1:clean (default-clean) @ org.meri.jpa.tutorial ---
[INFO] Deleting /Users/a.zhou/java-code/jpa-tutorial/target
[INFO] 
[INFO] >>> camel-maven-plugin:2.6.0:run (default-cli) @ org.meri.jpa.tutorial >>>
[INFO] 
[INFO] --- maven-resources-plugin:2.6:resources (default-resources) @ org.meri.jpa.tutorial ---
[INFO] Using 'UTF-8' encoding to copy filtered resources.
[INFO] Copying 2 resources to META-INF
[INFO] Copying 1 resource
[INFO] Copying 1 resource to org/meri/jpa/simplest/entities
[INFO] 
[INFO] --- maven-compiler-plugin:2.3.2:compile (default-compile) @ org.meri.jpa.tutorial ---
[INFO] Compiling 68 source files to /Users/a.zhou/java-code/jpa-tutorial/target/classes
[INFO] 
[INFO] --- openjpa-maven-plugin:1.2:test-enhance (enhancer) @ org.meri.jpa.tutorial ---
[INFO] 
[INFO] --- openjpa-maven-plugin:1.2:enhance (enhancer) @ org.meri.jpa.tutorial ---
[INFO] 
[INFO] --- maven-resources-plugin:2.6:testResources (default-testResources) @ org.meri.jpa.tutorial ---
[INFO] Using 'UTF-8' encoding to copy filtered resources.
[INFO] skip non existing resourceDirectory /Users/a.zhou/java-code/jpa-tutorial/src/test/resources
[INFO] 
[INFO] --- maven-compiler-plugin:2.3.2:testCompile (default-testCompile) @ org.meri.jpa.tutorial ---
[INFO] Compiling 25 source files to /Users/a.zhou/java-code/jpa-tutorial/target/test-classes
[INFO] 
[INFO] <<< camel-maven-plugin:2.6.0:run (default-cli) @ org.meri.jpa.tutorial <<<
[INFO] 
[INFO] --- camel-maven-plugin:2.6.0:run (default-cli) @ org.meri.jpa.tutorial ---
[INFO] Classpath = [file:/Users/a.zhou/java-code/jpa-tutorial/target/classes/, file:/Users/a.zhou/.m2/repository/org/apache/camel/camel-core/2.6.0/camel-core-2.6.0.jar, file:/Users/a.zhou/.m2/repository/commons-logging/commons-logging-api/1.1/commons-logging-api-1.1.jar, file:/Users/a.zhou/.m2/repository/org/fusesource/commonman/commons-management/1.0/commons-management-1.0.jar, file:/Users/a.zhou/.m2/repository/org/apache/camel/camel-cxf/2.6.0/camel-cxf-2.6.0.jar, file:/Users/a.zhou/.m2/repository/org/apache/camel/camel-spring/2.6.0/camel-spring-2.6.0.jar, file:/Users/a.zhou/.m2/repository/org/springframework/spring-aop/3.0.5.RELEASE/spring-aop-3.0.5.RELEASE.jar, file:/Users/a.zhou/.m2/repository/aopalliance/aopalliance/1.0/aopalliance-1.0.jar, file:/Users/a.zhou/.m2/repository/org/springframework/spring-tx/3.0.5.RELEASE/spring-tx-3.0.5.RELEASE.jar, file:/Users/a.zhou/.m2/repository/org/apache/cxf/cxf-rt-frontend-jaxrs/2.3.2/cxf-rt-frontend-jaxrs-2.3.2.jar, file:/Users/a.zhou/.m2/repository/org/apache/cxf/cxf-common-utilities/2.3.2/cxf-common-utilities-2.3.2.jar, file:/Users/a.zhou/.m2/repository/org/apache/ws/commons/schema/XmlSchema/1.4.7/XmlSchema-1.4.7.jar, file:/Users/a.zhou/.m2/repository/org/codehaus/woodstox/woodstox-core-asl/4.0.8/woodstox-core-asl-4.0.8.jar, file:/Users/a.zhou/.m2/repository/org/codehaus/woodstox/stax2-api/3.0.2/stax2-api-3.0.2.jar, file:/Users/a.zhou/.m2/repository/org/apache/cxf/cxf-api/2.3.2/cxf-api-2.3.2.jar, file:/Users/a.zhou/.m2/repository/org/apache/neethi/neethi/2.0.4/neethi-2.0.4.jar, file:/Users/a.zhou/.m2/repository/wsdl4j/wsdl4j/1.6.2/wsdl4j-1.6.2.jar, file:/Users/a.zhou/.m2/repository/org/apache/cxf/cxf-common-schemas/2.3.2/cxf-common-schemas-2.3.2.jar, file:/Users/a.zhou/.m2/repository/org/apache/cxf/cxf-rt-core/2.3.2/cxf-rt-core-2.3.2.jar, file:/Users/a.zhou/.m2/repository/org/apache/geronimo/specs/geronimo-javamail_1.4_spec/1.7.1/geronimo-javamail_1.4_spec-1.7.1.jar, file:/Users/a.zhou/.m2/repository/javax/ws/rs/jsr311-api/1.1.1/jsr311-api-1.1.1.jar, file:/Users/a.zhou/.m2/repository/org/apache/cxf/cxf-rt-bindings-xml/2.3.2/cxf-rt-bindings-xml-2.3.2.jar, file:/Users/a.zhou/.m2/repository/org/apache/cxf/cxf-rt-transports-http/2.3.2/cxf-rt-transports-http-2.3.2.jar, file:/Users/a.zhou/.m2/repository/org/apache/cxf/cxf-rt-transports-common/2.3.2/cxf-rt-transports-common-2.3.2.jar, file:/Users/a.zhou/.m2/repository/org/springframework/spring-web/3.0.5.RELEASE/spring-web-3.0.5.RELEASE.jar, file:/Users/a.zhou/.m2/repository/org/codehaus/jettison/jettison/1.2/jettison-1.2.jar, file:/Users/a.zhou/.m2/repository/org/apache/cxf/cxf-rt-frontend-jaxws/2.3.2/cxf-rt-frontend-jaxws-2.3.2.jar, file:/Users/a.zhou/.m2/repository/xml-resolver/xml-resolver/1.2/xml-resolver-1.2.jar, file:/Users/a.zhou/.m2/repository/asm/asm/3.3/asm-3.3.jar, file:/Users/a.zhou/.m2/repository/org/apache/cxf/cxf-rt-bindings-soap/2.3.2/cxf-rt-bindings-soap-2.3.2.jar, file:/Users/a.zhou/.m2/repository/org/apache/cxf/cxf-tools-common/2.3.2/cxf-tools-common-2.3.2.jar, file:/Users/a.zhou/.m2/repository/org/apache/cxf/cxf-rt-databinding-jaxb/2.3.2/cxf-rt-databinding-jaxb-2.3.2.jar, file:/Users/a.zhou/.m2/repository/org/apache/cxf/cxf-rt-frontend-simple/2.3.2/cxf-rt-frontend-simple-2.3.2.jar, file:/Users/a.zhou/.m2/repository/org/apache/cxf/cxf-rt-ws-addr/2.3.2/cxf-rt-ws-addr-2.3.2.jar, file:/Users/a.zhou/.m2/repository/org/springframework/spring-core/3.0.5.RELEASE/spring-core-3.0.5.RELEASE.jar, file:/Users/a.zhou/.m2/repository/org/springframework/spring-asm/3.0.5.RELEASE/spring-asm-3.0.5.RELEASE.jar, file:/Users/a.zhou/.m2/repository/commons-logging/commons-logging/1.1.1/commons-logging-1.1.1.jar, file:/Users/a.zhou/.m2/repository/org/springframework/spring-beans/3.0.5.RELEASE/spring-beans-3.0.5.RELEASE.jar, file:/Users/a.zhou/.m2/repository/org/springframework/spring-context/3.0.5.RELEASE/spring-context-3.0.5.RELEASE.jar, file:/Users/a.zhou/.m2/repository/org/springframework/spring-expression/3.0.5.RELEASE/spring-expression-3.0.5.RELEASE.jar, file:/Users/a.zhou/.m2/repository/org/apache/camel/camel-jetty/2.6.0/camel-jetty-2.6.0.jar, file:/Users/a.zhou/.m2/repository/org/apache/camel/camel-http/2.6.0/camel-http-2.6.0.jar, file:/Users/a.zhou/.m2/repository/org/apache/geronimo/specs/geronimo-servlet_2.4_spec/1.1.1/geronimo-servlet_2.4_spec-1.1.1.jar, file:/Users/a.zhou/.m2/repository/commons-httpclient/commons-httpclient/3.1/commons-httpclient-3.1.jar, file:/Users/a.zhou/.m2/repository/commons-codec/commons-codec/1.2/commons-codec-1.2.jar, file:/Users/a.zhou/.m2/repository/org/eclipse/jetty/jetty-server/7.2.2.v20101205/jetty-server-7.2.2.v20101205.jar, file:/Users/a.zhou/.m2/repository/javax/servlet/servlet-api/2.5/servlet-api-2.5.jar, file:/Users/a.zhou/.m2/repository/org/eclipse/jetty/jetty-continuation/7.2.2.v20101205/jetty-continuation-7.2.2.v20101205.jar, file:/Users/a.zhou/.m2/repository/org/eclipse/jetty/jetty-http/7.2.2.v20101205/jetty-http-7.2.2.v20101205.jar, file:/Users/a.zhou/.m2/repository/org/eclipse/jetty/jetty-io/7.2.2.v20101205/jetty-io-7.2.2.v20101205.jar, file:/Users/a.zhou/.m2/repository/org/eclipse/jetty/jetty-security/7.2.2.v20101205/jetty-security-7.2.2.v20101205.jar, file:/Users/a.zhou/.m2/repository/org/eclipse/jetty/jetty-servlet/7.2.2.v20101205/jetty-servlet-7.2.2.v20101205.jar, file:/Users/a.zhou/.m2/repository/org/eclipse/jetty/jetty-servlets/7.2.2.v20101205/jetty-servlets-7.2.2.v20101205.jar, file:/Users/a.zhou/.m2/repository/org/eclipse/jetty/jetty-util/7.2.2.v20101205/jetty-util-7.2.2.v20101205.jar, file:/Users/a.zhou/.m2/repository/org/eclipse/jetty/jetty-client/7.2.2.v20101205/jetty-client-7.2.2.v20101205.jar, file:/Users/a.zhou/.m2/repository/org/eclipse/jetty/jetty-jmx/7.2.2.v20101205/jetty-jmx-7.2.2.v20101205.jar, file:/Users/a.zhou/.m2/repository/org/eclipse/jetty/jetty-webapp/7.2.2.v20101205/jetty-webapp-7.2.2.v20101205.jar, file:/Users/a.zhou/.m2/repository/org/eclipse/jetty/jetty-xml/7.2.2.v20101205/jetty-xml-7.2.2.v20101205.jar, file:/Users/a.zhou/.m2/repository/org/apache/camel/camel-jaxb/2.6.0/camel-jaxb-2.6.0.jar, file:/Users/a.zhou/.m2/repository/javax/xml/bind/jaxb-api/2.1/jaxb-api-2.1.jar, file:/Users/a.zhou/.m2/repository/javax/xml/stream/stax-api/1.0-2/stax-api-1.0-2.jar, file:/Users/a.zhou/.m2/repository/javax/activation/activation/1.1/activation-1.1.jar, file:/Users/a.zhou/.m2/repository/com/sun/xml/bind/jaxb-impl/2.1.13/jaxb-impl-2.1.13.jar, file:/Users/a.zhou/.m2/repository/org/apache/servicemix/bundles/org.apache.servicemix.bundles.guice/2.0_1/org.apache.servicemix.bundles.guice-2.0_1.jar, file:/Users/a.zhou/.m2/repository/javax/annotation/com.springsource.javax.annotation/1.0.0/com.springsource.javax.annotation-1.0.0.jar, file:/Users/a.zhou/.m2/repository/org/aopalliance/com.springsource.org.aopalliance/1.0.0/com.springsource.org.aopalliance-1.0.0.jar, file:/Users/a.zhou/.m2/repository/com/google/inject/guice/3.0/guice-3.0.jar, file:/Users/a.zhou/.m2/repository/com/google/inject/extensions/guice-persist/3.0/guice-persist-3.0.jar, file:/Users/a.zhou/.m2/repository/org/apache/openjpa/openjpa-all/2.1.1/openjpa-all-2.1.1.jar, file:/Users/a.zhou/.m2/repository/org/apache/derby/derby/10.8.2.2/derby-10.8.2.2.jar, file:/Users/a.zhou/.m2/repository/org/liquibase/liquibase-core/2.0.3/liquibase-core-2.0.3.jar, file:/Users/a.zhou/.m2/repository/simple-jndi/simple-jndi/0.11.4.1/simple-jndi-0.11.4.1.jar]
adele - before create em 
